<?xml version="1.0" encoding="UTF-8"?>
<!-- Generated by org.testng.reporters.JUnitXMLReporter -->
<testsuite hostname="HOME-PC" ignored="0" name="Default test" tests="4" failures="0" timestamp="03 Jan 2020 08:41:40 GMT" time="4.626" errors="0">
  <testcase name="verifyWomenpage" time="4.116" classname="name2.Hw2test"/>
  <testcase name="verifylarge" time="0.099" classname="name2.Hw2test"/>
  <testcase name="verifymedium" time="0.078" classname="name2.Hw2test"/>
  <testcase name="verifysmall" time="0.07" classname="name2.Hw2test"/>
</testsuite> <!-- Default test -->
