<?xml version="1.0" encoding="UTF-8"?>
<!-- Generated by org.testng.reporters.JUnitXMLReporter -->
<testsuite hostname="HOME-PC" name="Test" tests="9" failures="0" timestamp="3 Jan 2020 08:48:58 GMT" time="19.932" errors="0">
  <testcase name="toclick" time="12.099" classname="name2.testclass"/>
  <testcase name="verifyWomenpage" time="0.17" classname="name2.testclass"/>
  <testcase name="verifydresspage" time="0.088" classname="name2.testclass"/>
  <testcase name="verifytshirtpage" time="0.063" classname="name2.testclass"/>
  <testcase name="verifypagecount" time="3.774" classname="name2.Hw3test"/>
  <testcase name="verifyWomenpage" time="3.447" classname="name2.Hw2test"/>
  <testcase name="verifylarge" time="0.082" classname="name2.Hw2test"/>
  <testcase name="verifymedium" time="0.08" classname="name2.Hw2test"/>
  <testcase name="verifysmall" time="0.078" classname="name2.Hw2test"/>
</testsuite> <!-- Test -->
