<?xml version="1.0" encoding="UTF-8"?>
<testsuite name="TestSuite" time="19.876" tests="9" errors="0" skipped="0" failures="0">
  <properties>
[...]
</properties>
  <testcase name="toclick" classname="name2.testclass" time="12.099"/>
  <testcase name="verifyWomenpage" classname="name2.testclass" time="0.165"/>
  <testcase name="verifydresspage" classname="name2.testclass" time="0.088"/>
  <testcase name="verifytshirtpage" classname="name2.testclass" time="0.063"/>
  <testcase name="verifypagecount" classname="name2.Hw3test" time="3.774"/>
  <testcase name="verifyWomenpage" classname="name2.Hw2test" time="3.447"/>
  <testcase name="verifylarge" classname="name2.Hw2test" time="0.082"/>
  <testcase name="verifymedium" classname="name2.Hw2test" time="0.08"/>
  <testcase name="verifysmall" classname="name2.Hw2test" time="0.078"/>
</testsuite>