<?xml version="1.0" encoding="UTF-8"?>
<testng-results skipped="0" failed="0" ignored="0" total="4" passed="4">
  <reporter-output>
  </reporter-output>
  <suite name="Default suite" duration-ms="4626" started-at="2020-01-03T08:41:35Z" finished-at="2020-01-03T08:41:40Z">
    <groups>
    </groups>
    <test name="Default test" duration-ms="4626" started-at="2020-01-03T08:41:35Z" finished-at="2020-01-03T08:41:40Z">
      <class name="name2.Hw2test">
        <test-method status="PASS" signature="verifyWomenpage()[pri:0, instance:name2.Hw2test@c43f62]" name="verifyWomenpage" duration-ms="4116" started-at="2020-01-03T08:41:35Z" finished-at="2020-01-03T08:41:40Z">
          <reporter-output>
          </reporter-output>
        </test-method> <!-- verifyWomenpage -->
        <test-method status="PASS" signature="verifylarge()[pri:0, instance:name2.Hw2test@c43f62]" name="verifylarge" duration-ms="99" started-at="2020-01-03T08:41:40Z" finished-at="2020-01-03T08:41:40Z">
          <reporter-output>
          </reporter-output>
        </test-method> <!-- verifylarge -->
        <test-method status="PASS" signature="verifymedium()[pri:0, instance:name2.Hw2test@c43f62]" name="verifymedium" duration-ms="78" started-at="2020-01-03T08:41:40Z" finished-at="2020-01-03T08:41:40Z">
          <reporter-output>
          </reporter-output>
        </test-method> <!-- verifymedium -->
        <test-method status="PASS" signature="verifysmall()[pri:0, instance:name2.Hw2test@c43f62]" name="verifysmall" duration-ms="70" started-at="2020-01-03T08:41:40Z" finished-at="2020-01-03T08:41:40Z">
          <reporter-output>
          </reporter-output>
        </test-method> <!-- verifysmall -->
      </class> <!-- name2.Hw2test -->
    </test> <!-- Default test -->
  </suite> <!-- Default suite -->
</testng-results>
